# JRE version: Java(TM) SE Runtime Environment (21.0.1+12) (build 21.0.1+12-LTS-29)
# Java VM: Java HotSpot(TM) 64-Bit Server VM (21.0.1+12-LTS-29, mixed mode, sharing, tiered, compressed oops, compressed class ptrs, g1 gc, windows-amd64)
GC Precious Log:
 CardTable entry size: 512
 Card Set container configuration: InlinePtr #cards 5 size 8 Array Of Cards #cards 12 size 40 Howl #buckets 4 coarsen threshold 1843 Howl Bitmap #cards 512 size 80 coarsen threshold 460 Card regions per heap region 1 cards per card region 2048
 CPUs: 12 total, 12 available
 Memory: 7597M
 Large Page Support: Disabled
 NUMA Support: Disabled
 Compressed Oops: Enabled (32-bit)
 Heap Region Size: 1M
 Heap Min Capacity: 8M
 Heap Initial Capacity: 120M
 Heap Max Capacity: 1900M
 Pre-touch: Disabled
 Parallel Workers: 10
 Concurrent Workers: 3
 Concurrent Refinement Workers: 10
 Periodic GC: Disabled
Heap:
 garbage-first heap   total 91136K, used 56010K [0x0000000089400000, 0x0000000100000000)
  region size 1024K, 4 young (4096K), 4 survivors (4096K)
 Metaspace       used 65770K, committed 66560K, reserved 1114112K
  class space    used 8856K, committed 9216K, reserved 1048576K
GC Heap History (20 events):
Event: 4.859 GC heap after
{Heap after GC invocations=5 (full 0):
 garbage-first heap   total 58368K, used 18376K [0x0000000089400000, 0x0000000100000000)
  region size 1024K, 4 young (4096K), 4 survivors (4096K)
 Metaspace       used 26053K, committed 26496K, reserved 1114112K
  class space    used 3280K, committed 3456K, reserved 1048576K
}
Event: 5.775 GC heap before
{Heap before GC invocations=5 (full 0):
 garbage-first heap   total 58368K, used 45000K [0x0000000089400000, 0x0000000100000000)
  region size 1024K, 30 young (30720K), 4 survivors (4096K)
 Metaspace       used 30775K, committed 31296K, reserved 1114112K
  class space    used 3928K, committed 4160K, reserved 1048576K
}
Event: 5.780 GC heap after
{Heap after GC invocations=6 (full 0):
 garbage-first heap   total 58368K, used 20341K [0x0000000089400000, 0x0000000100000000)
  region size 1024K, 3 young (3072K), 3 survivors (3072K)
 Metaspace       used 30775K, committed 31296K, reserved 1114112K
  class space    used 3928K, committed 4160K, reserved 1048576K
}
Event: 6.449 GC heap before
{Heap before GC invocations=6 (full 0):
 garbage-first heap   total 58368K, used 34677K [0x0000000089400000, 0x0000000100000000)
  region size 1024K, 19 young (19456K), 3 survivors (3072K)
 Metaspace       used 35475K, committed 35968K, reserved 1114112K
  class space    used 4616K, committed 4864K, reserved 1048576K
}
Event: 6.453 GC heap after
{Heap after GC invocations=7 (full 0):
 garbage-first heap   total 58368K, used 21237K [0x0000000089400000, 0x0000000100000000)
  region size 1024K, 1 young (1024K), 1 survivors (1024K)
 Metaspace       used 35475K, committed 35968K, reserved 1114112K
  class space    used 4616K, committed 4864K, reserved 1048576K
}
Event: 7.319 GC heap before
{Heap before GC invocations=8 (full 0):
 garbage-first heap   total 58368K, used 48885K [0x0000000089400000, 0x0000000100000000)
  region size 1024K, 28 young (28672K), 1 survivors (1024K)
 Metaspace       used 43258K, committed 43776K, reserved 1114112K
  class space    used 5700K, committed 5952K, reserved 1048576K
}
Event: 7.324 GC heap after
{Heap after GC invocations=9 (full 0):
 garbage-first heap   total 70656K, used 23573K [0x0000000089400000, 0x0000000100000000)
  region size 1024K, 4 young (4096K), 4 survivors (4096K)
 Metaspace       used 43258K, committed 43776K, reserved 1114112K
  class space    used 5700K, committed 5952K, reserved 1048576K
}
Event: 8.188 GC heap before
{Heap before GC invocations=9 (full 0):
 garbage-first heap   total 70656K, used 58389K [0x0000000089400000, 0x0000000100000000)
  region size 1024K, 39 young (39936K), 4 survivors (4096K)
 Metaspace       used 53212K, committed 53824K, reserved 1114112K
  class space    used 7154K, committed 7424K, reserved 1048576K
}
Event: 8.193 GC heap after
{Heap after GC invocations=10 (full 0):
 garbage-first heap   total 70656K, used 25400K [0x0000000089400000, 0x0000000100000000)
  region size 1024K, 5 young (5120K), 5 survivors (5120K)
 Metaspace       used 53212K, committed 53824K, reserved 1114112K
  class space    used 7154K, committed 7424K, reserved 1048576K
}
Event: 8.975 GC heap before
{Heap before GC invocations=10 (full 0):
 garbage-first heap   total 70656K, used 55096K [0x0000000089400000, 0x0000000100000000)
  region size 1024K, 35 young (35840K), 5 survivors (5120K)
 Metaspace       used 59496K, committed 60096K, reserved 1114112K
  class space    used 7973K, committed 8256K, reserved 1048576K
}
Event: 8.981 GC heap after
{Heap after GC invocations=11 (full 0):
 garbage-first heap   total 70656K, used 27249K [0x0000000089400000, 0x0000000100000000)
  region size 1024K, 4 young (4096K), 4 survivors (4096K)
 Metaspace       used 59496K, committed 60096K, reserved 1114112K
  class space    used 7973K, committed 8256K, reserved 1048576K
}
Event: 9.944 GC heap before
{Heap before GC invocations=12 (full 0):
 garbage-first heap   total 70656K, used 62065K [0x0000000089400000, 0x0000000100000000)
  region size 1024K, 38 young (38912K), 4 survivors (4096K)
 Metaspace       used 63987K, committed 64768K, reserved 1114112K
  class space    used 8649K, committed 9024K, reserved 1048576K
}
Event: 9.951 GC heap after
{Heap after GC invocations=13 (full 0):
 garbage-first heap   total 70656K, used 30467K [0x0000000089400000, 0x0000000100000000)
  region size 1024K, 5 young (5120K), 5 survivors (5120K)
 Metaspace       used 63987K, committed 64768K, reserved 1114112K
  class space    used 8649K, committed 9024K, reserved 1048576K
}
Event: 10.248 GC heap before
{Heap before GC invocations=13 (full 0):
 garbage-first heap   total 70656K, used 62211K [0x0000000089400000, 0x0000000100000000)
  region size 1024K, 35 young (35840K), 5 survivors (5120K)
 Metaspace       used 64295K, committed 65088K, reserved 1114112K
  class space    used 8667K, committed 9024K, reserved 1048576K
}
Event: 10.258 GC heap after
{Heap after GC invocations=14 (full 0):
 garbage-first heap   total 76800K, used 39365K [0x0000000089400000, 0x0000000100000000)
  region size 1024K, 5 young (5120K), 5 survivors (5120K)
 Metaspace       used 64295K, committed 65088K, reserved 1114112K
  class space    used 8667K, committed 9024K, reserved 1048576K
}
Event: 10.411 GC heap before
{Heap before GC invocations=14 (full 0):
 garbage-first heap   total 76800K, used 61893K [0x0000000089400000, 0x0000000100000000)
  region size 1024K, 28 young (28672K), 5 survivors (5120K)
 Metaspace       used 64490K, committed 65280K, reserved 1114112K
  class space    used 8681K, committed 9024K, reserved 1048576K
}
Event: 10.420 GC heap after
{Heap after GC invocations=15 (full 0):
 garbage-first heap   total 76800K, used 44176K [0x0000000089400000, 0x0000000100000000)
  region size 1024K, 4 young (4096K), 4 survivors (4096K)
 Metaspace       used 64490K, committed 65280K, reserved 1114112K
  class space    used 8681K, committed 9024K, reserved 1048576K
}
Event: 10.552 GC heap before
{Heap before GC invocations=16 (full 0):
 garbage-first heap   total 91136K, used 65680K [0x0000000089400000, 0x0000000100000000)
  region size 1024K, 24 young (24576K), 4 survivors (4096K)
 Metaspace       used 64500K, committed 65280K, reserved 1114112K
  class space    used 8681K, committed 9024K, reserved 1048576K
}
Event: 10.559 GC heap after
{Heap after GC invocations=17 (full 0):
 garbage-first heap   total 91136K, used 50332K [0x0000000089400000, 0x0000000100000000)
  region size 1024K, 3 young (3072K), 3 survivors (3072K)
 Metaspace       used 64500K, committed 65280K, reserved 1114112K
  class space    used 8681K, committed 9024K, reserved 1048576K
}
Event: 11.015 GC heap before
{Heap before GC invocations=17 (full 0):
 garbage-first heap   total 91136K, used 75932K [0x0000000089400000, 0x0000000100000000)
  region size 1024K, 28 young (28672K), 3 survivors (3072K)
 Metaspace       used 65770K, committed 66560K, reserved 1114112K
  class space    used 8856K, committed 9216K, reserved 1048576K
}

